0 info it worked if it ends with ok
1 verbose cli [ '/usr/local/bin/node', '/usr/local/bin/npm', 'publish' ]
2 info using npm@2.10.1
3 info using node@v0.12.4
4 verbose publish [ '.' ]
5 silly cache add args [ '.', null ]
6 verbose cache add spec .
7 silly cache add parsed spec { raw: '.',
7 silly cache add   scope: null,
7 silly cache add   name: null,
7 silly cache add   rawSpec: '.',
7 silly cache add   spec: '/Users/zhiquan/Documents/passport-oauth2-meetup',
7 silly cache add   type: 'directory' }
8 verbose addLocalDirectory /Users/zhiquan/.npm/passport-oauth2-meetup/1.0.4/package.tgz not in flight; packing
9 verbose tar pack [ '/Users/zhiquan/.npm/passport-oauth2-meetup/1.0.4/package.tgz',
9 verbose tar pack   '/Users/zhiquan/Documents/passport-oauth2-meetup' ]
10 verbose tarball /Users/zhiquan/.npm/passport-oauth2-meetup/1.0.4/package.tgz
11 verbose folder /Users/zhiquan/Documents/passport-oauth2-meetup
12 info prepublish passport-oauth2-meetup@1.0.4
13 verbose addLocalTarball adding from inside cache /Users/zhiquan/.npm/passport-oauth2-meetup/1.0.4/package.tgz
14 silly cache afterAdd passport-oauth2-meetup@1.0.4
15 verbose afterAdd /Users/zhiquan/.npm/passport-oauth2-meetup/1.0.4/package/package.json not in flight; writing
16 verbose afterAdd /Users/zhiquan/.npm/passport-oauth2-meetup/1.0.4/package/package.json written
17 silly publish { name: 'passport-oauth2-meetup',
17 silly publish   version: '1.0.4',
17 silly publish   description: 'Passport OAuth2 Strategy for Meetup ',
17 silly publish   main: './lib',
17 silly publish   scripts: { test: 'npm test' },
17 silly publish   repository:
17 silly publish    { type: 'git',
17 silly publish      url: 'https://github.com/zenvisuals/passport-oauth2-meetup.git' },
17 silly publish   keywords: [ 'passport', 'meetup', 'oauth2' ],
17 silly publish   author: { name: 'Chee Zhiquan' },
17 silly publish   license: 'MIT',
17 silly publish   dependencies: { 'passport-oauth2': '^1.1.2' },
17 silly publish   bugs: { url: 'https://github.com/zenvisuals/passport-oauth2-meetup/issues' },
17 silly publish   homepage: 'https://github.com/zenvisuals/passport-oauth2-meetup',
17 silly publish   readme: '# passport-oauth2-meetup\nPassport OAuth2 Strategy for Meetup API\n',
17 silly publish   readmeFilename: 'README.md',
17 silly publish   gitHead: 'ea8482abe261b31e098af2bb6c326fc952499a6a',
17 silly publish   _id: 'passport-oauth2-meetup@1.0.4',
17 silly publish   _shasum: '205aed1d8859e5f8983a6b34f311ffd0f903aa36',
17 silly publish   _from: '.' }
18 verbose getPublishConfig undefined
19 silly mapToRegistry name passport-oauth2-meetup
20 silly mapToRegistry using default registry
21 silly mapToRegistry registry https://registry.npmjs.org/
22 silly mapToRegistry uri https://registry.npmjs.org/passport-oauth2-meetup
23 verbose publish registryBase https://registry.npmjs.org/
24 silly publish uploading /Users/zhiquan/.npm/passport-oauth2-meetup/1.0.4/package.tgz
25 verbose request uri https://registry.npmjs.org/passport-oauth2-meetup
26 verbose request sending authorization for write operation
27 info attempt registry request try #1 at 6:05:53 PM
28 verbose request using bearer token for auth
29 verbose request id 4e4e51ff6ef4bb54
30 http request PUT https://registry.npmjs.org/passport-oauth2-meetup
31 http 403 https://registry.npmjs.org/passport-oauth2-meetup
32 verbose headers { 'content-type': 'application/json',
32 verbose headers   'cache-control': 'max-age=60',
32 verbose headers   'content-length': '95',
32 verbose headers   'accept-ranges': 'bytes',
32 verbose headers   date: 'Thu, 20 Aug 2015 10:05:55 GMT',
32 verbose headers   via: '1.1 varnish',
32 verbose headers   connection: 'keep-alive',
32 verbose headers   'x-served-by': 'cache-hkg6826-HKG',
32 verbose headers   'x-cache': 'MISS',
32 verbose headers   'x-cache-hits': '0',
32 verbose headers   'x-timer': 'S1440065153.751548,VS0,VE1752' }
33 verbose request invalidating /Users/zhiquan/.npm/registry.npmjs.org/passport-oauth2-meetup on PUT
34 error publish Failed PUT 403
35 verbose stack Error: "You cannot publish over the previously published version 1.0.4." : passport-oauth2-meetup
35 verbose stack     at CachingRegistryClient.<anonymous> (/usr/local/lib/node_modules/npm/node_modules/npm-registry-client/lib/request.js:247:14)
35 verbose stack     at Request._callback (/usr/local/lib/node_modules/npm/node_modules/npm-registry-client/lib/request.js:170:14)
35 verbose stack     at Request.self.callback (/usr/local/lib/node_modules/npm/node_modules/request/request.js:368:22)
35 verbose stack     at Request.emit (events.js:110:17)
35 verbose stack     at Request.<anonymous> (/usr/local/lib/node_modules/npm/node_modules/request/request.js:1219:14)
35 verbose stack     at Request.emit (events.js:129:20)
35 verbose stack     at IncomingMessage.<anonymous> (/usr/local/lib/node_modules/npm/node_modules/request/request.js:1167:12)
35 verbose stack     at IncomingMessage.emit (events.js:129:20)
35 verbose stack     at _stream_readable.js:908:16
35 verbose stack     at process._tickCallback (node.js:355:11)
36 verbose statusCode 403
37 verbose pkgid passport-oauth2-meetup
38 verbose cwd /Users/zhiquan/Documents/passport-oauth2-meetup
39 error Darwin 13.4.0
40 error argv "/usr/local/bin/node" "/usr/local/bin/npm" "publish"
41 error node v0.12.4
42 error npm  v2.10.1
43 error code E403
44 error "You cannot publish over the previously published version 1.0.4." : passport-oauth2-meetup
45 error If you need help, you may report this error at:
45 error     <https://github.com/npm/npm/issues>
46 verbose exit [ 1, true ]
